<?xml version="1.0" encoding="UTF-8"?>
<coverage generated="1522372895843" clover="3.2.0">
  <project timestamp="1522372895844" name="All files">
    <metrics statements="20" coveredstatements="16" conditionals="8" coveredconditionals="5" methods="5" coveredmethods="3" elements="33" coveredelements="24" complexity="0" loc="20" ncloc="20" packages="1" files="2" classes="2">
      <file name="shopping-mutation-types.js" path="C:\Users\Lloyd\Source\Repos\vue-demonstration-component-testing\src\store\modules\shopping\shopping-mutation-types.js">
        <metrics statements="5" coveredstatements="5" conditionals="0" coveredconditionals="0" methods="0" coveredmethods="0"/>
        <line num="2" count="1" type="stmt"/>
        <line num="3" count="1" type="stmt"/>
        <line num="5" count="1" type="stmt"/>
        <line num="6" count="1" type="stmt"/>
        <line num="8" count="1" type="stmt"/>
      </file>
      <file name="shopping-mutations.js" path="C:\Users\Lloyd\Source\Repos\vue-demonstration-component-testing\src\store\modules\shopping\shopping-mutations.js">
        <metrics statements="15" coveredstatements="11" conditionals="8" coveredconditionals="5" methods="5" coveredmethods="3"/>
        <line num="13" count="1" type="stmt"/>
        <line num="15" count="8" type="stmt"/>
        <line num="17" count="8" type="cond" truecount="2" falsecount="0"/>
        <line num="18" count="3" type="stmt"/>
        <line num="20" count="5" type="stmt"/>
        <line num="25" count="9" type="stmt"/>
        <line num="27" count="6" type="cond" truecount="1" falsecount="1"/>
        <line num="28" count="6" type="stmt"/>
        <line num="30" count="6" type="cond" truecount="2" falsecount="0"/>
        <line num="31" count="2" type="stmt"/>
        <line num="37" count="0" type="stmt"/>
        <line num="39" count="0" type="cond" truecount="0" falsecount="2"/>
        <line num="40" count="0" type="stmt"/>
        <line num="45" count="0" type="stmt"/>
        <line num="59" count="1" type="stmt"/>
      </file>
    </metrics>
  </project>
</coverage>
