{"C:\\Users\\Lloyd\\Source\\Repos\\vue-demonstration-component-testing\\src\\store\\modules\\shopping\\shopping-mutation-types.js": {"path":"C:\\Users\\Lloyd\\Source\\Repos\\vue-demonstration-component-testing\\src\\store\\modules\\shopping\\shopping-mutation-types.js","statementMap":{"0":{"start":{"line":2,"column":37},"end":{"line":2,"column":60}},"1":{"start":{"line":3,"column":42},"end":{"line":3,"column":70}},"2":{"start":{"line":5,"column":36},"end":{"line":5,"column":58}},"3":{"start":{"line":6,"column":41},"end":{"line":6,"column":68}},"4":{"start":{"line":8,"column":28},"end":{"line":8,"column":42}}},"fnMap":{},"branchMap":{},"s":{"0":1,"1":1,"2":1,"3":1,"4":1},"f":{},"b":{},"_coverageSchema":"332fd63041d2c1bcb487cc26dd0d5f7d97098a6c","hash":"d64d5321df880cddcf4194b6cea5d7f5a5ad9f77"}
,"C:\\Users\\Lloyd\\Source\\Repos\\vue-demonstration-component-testing\\src\\store\\modules\\shopping\\shopping-mutations.js": {"path":"C:\\Users\\Lloyd\\Source\\Repos\\vue-demonstration-component-testing\\src\\store\\modules\\shopping\\shopping-mutations.js","statementMap":{"0":{"start":{"line":13,"column":18},"end":{"line":61,"column":1}},"1":{"start":{"line":15,"column":24},"end":{"line":15,"column":76}},"2":{"start":{"line":15,"column":58},"end":{"line":15,"column":75}},"3":{"start":{"line":17,"column":8},"end":{"line":21,"column":9}},"4":{"start":{"line":18,"column":12},"end":{"line":18,"column":46}},"5":{"start":{"line":20,"column":12},"end":{"line":20,"column":67}},"6":{"start":{"line":25,"column":24},"end":{"line":25,"column":64}},"7":{"start":{"line":25,"column":52},"end":{"line":25,"column":63}},"8":{"start":{"line":27,"column":8},"end":{"line":33,"column":9}},"9":{"start":{"line":28,"column":12},"end":{"line":28,"column":49}},"10":{"start":{"line":30,"column":12},"end":{"line":32,"column":13}},"11":{"start":{"line":31,"column":16},"end":{"line":31,"column":87}},"12":{"start":{"line":31,"column":66},"end":{"line":31,"column":85}},"13":{"start":{"line":37,"column":24},"end":{"line":37,"column":64}},"14":{"start":{"line":37,"column":52},"end":{"line":37,"column":63}},"15":{"start":{"line":39,"column":8},"end":{"line":41,"column":9}},"16":{"start":{"line":40,"column":12},"end":{"line":40,"column":46}},"17":{"start":{"line":45,"column":24},"end":{"line":45,"column":70}},"18":{"start":{"line":45,"column":58},"end":{"line":45,"column":69}},"19":{"start":{"line":59,"column":8},"end":{"line":59,"column":31}}},"fnMap":{"0":{"name":"(anonymous_0)","decl":{"start":{"line":15,"column":47},"end":{"line":15,"column":48}},"loc":{"start":{"line":15,"column":58},"end":{"line":15,"column":75}},"line":15},"1":{"name":"(anonymous_1)","decl":{"start":{"line":25,"column":47},"end":{"line":25,"column":48}},"loc":{"start":{"line":25,"column":52},"end":{"line":25,"column":63}},"line":25},"2":{"name":"(anonymous_2)","decl":{"start":{"line":31,"column":61},"end":{"line":31,"column":62}},"loc":{"start":{"line":31,"column":66},"end":{"line":31,"column":85}},"line":31},"3":{"name":"(anonymous_3)","decl":{"start":{"line":37,"column":47},"end":{"line":37,"column":48}},"loc":{"start":{"line":37,"column":52},"end":{"line":37,"column":63}},"line":37},"4":{"name":"(anonymous_4)","decl":{"start":{"line":45,"column":53},"end":{"line":45,"column":54}},"loc":{"start":{"line":45,"column":58},"end":{"line":45,"column":69}},"line":45}},"branchMap":{"0":{"loc":{"start":{"line":17,"column":8},"end":{"line":21,"column":9}},"type":"if","locations":[{"start":{"line":17,"column":8},"end":{"line":21,"column":9}},{"start":{"line":17,"column":8},"end":{"line":21,"column":9}}],"line":17},"1":{"loc":{"start":{"line":27,"column":8},"end":{"line":33,"column":9}},"type":"if","locations":[{"start":{"line":27,"column":8},"end":{"line":33,"column":9}},{"start":{"line":27,"column":8},"end":{"line":33,"column":9}}],"line":27},"2":{"loc":{"start":{"line":30,"column":12},"end":{"line":32,"column":13}},"type":"if","locations":[{"start":{"line":30,"column":12},"end":{"line":32,"column":13}},{"start":{"line":30,"column":12},"end":{"line":32,"column":13}}],"line":30},"3":{"loc":{"start":{"line":39,"column":8},"end":{"line":41,"column":9}},"type":"if","locations":[{"start":{"line":39,"column":8},"end":{"line":41,"column":9}},{"start":{"line":39,"column":8},"end":{"line":41,"column":9}}],"line":39}},"s":{"0":1,"1":8,"2":7,"3":8,"4":3,"5":5,"6":6,"7":9,"8":6,"9":6,"10":6,"11":2,"12":2,"13":0,"14":0,"15":0,"16":0,"17":0,"18":0,"19":1},"f":{"0":7,"1":9,"2":2,"3":0,"4":0},"b":{"0":[3,5],"1":[6,0],"2":[2,4],"3":[0,0]},"_coverageSchema":"332fd63041d2c1bcb487cc26dd0d5f7d97098a6c","hash":"b3d72867a3cce27d95be569f40f3816dda256df4"}
}
