TN:
SF:C:\Users\Lloyd\Source\Repos\vue-demonstration-component-testing\src\store\modules\shopping\shopping-mutation-types.js
FNF:0
FNH:0
DA:2,1
DA:3,1
DA:5,1
DA:6,1
DA:8,1
LF:5
LH:5
BRF:0
BRH:0
end_of_record
TN:
SF:C:\Users\Lloyd\Source\Repos\vue-demonstration-component-testing\src\store\modules\shopping\shopping-mutations.js
FN:15,(anonymous_0)
FN:25,(anonymous_1)
FN:31,(anonymous_2)
FN:37,(anonymous_3)
FN:45,(anonymous_4)
FNF:5
FNH:3
FNDA:7,(anonymous_0)
FNDA:9,(anonymous_1)
FNDA:2,(anonymous_2)
FNDA:0,(anonymous_3)
FNDA:0,(anonymous_4)
DA:13,1
DA:15,8
DA:17,8
DA:18,3
DA:20,5
DA:25,9
DA:27,6
DA:28,6
DA:30,6
DA:31,2
DA:37,0
DA:39,0
DA:40,0
DA:45,0
DA:59,1
LF:15
LH:11
BRDA:17,0,0,3
BRDA:17,0,1,5
BRDA:27,1,0,6
BRDA:27,1,1,0
BRDA:30,2,0,2
BRDA:30,2,1,4
BRDA:39,3,0,0
BRDA:39,3,1,0
BRF:8
BRH:5
end_of_record
